<?xml version="1.0" encoding="UTF-8"?>
<!-- Generated by org.testng.reporters.JUnitReportReporter -->
<testsuite hostname="DESKTOP-120F4K9" failures="0" tests="1" name="Generic.Base" time="8.759" errors="0" timestamp="2021-07-19T22:28:23 IST" skipped="0">
  <testcase classname="Generic.Base" name="LaunchBrowser" time="8.759"/>
  <system-out/>
</testsuite> <!-- Generic.Base -->
