<?xml version="1.0" encoding="UTF-8"?>
<!-- Generated by org.testng.reporters.JUnitReportReporter -->
<testsuite hostname="DESKTOP-120F4K9" failures="0" tests="2" name="TestScript.HomePageTest" time="19.244" errors="0" timestamp="2021-07-27T00:07:19 IST" skipped="0">
  <testcase classname="TestScript.HomePageTest" name="VrifyWelcomeMessage" time="9.559"/>
  <system-out/>
  <testcase classname="TestScript.HomePageTest" name="verifyMobileAndTVLink" time="9.685"/>
  <system-out/>
</testsuite> <!-- TestScript.HomePageTest -->
