<?xml version="1.0" encoding="UTF-8"?>
<!-- Generated by org.testng.reporters.JUnitReportReporter -->
<testsuite hostname="DESKTOP-120F4K9" failures="0" tests="1" name="Generic.Base1" time="33.192" errors="0" timestamp="19 Jul 2021 17:12:37 GMT" skipped="0">
  <testcase classname="Generic.Base1" name="LaunchBrowser" time="33.192"/>
</testsuite> <!-- Generic.Base1 -->
