<?xml version="1.0" encoding="UTF-8"?>
<!-- Generated by org.testng.reporters.JUnitReportReporter -->
<testsuite hostname="DESKTOP-120F4K9" failures="0" tests="1" name="Generic.Base" time="8.886" errors="0" timestamp="19 Jul 2021 17:25:01 GMT" skipped="0">
  <testcase classname="Generic.Base" name="LaunchBrowser" time="8.886"/>
</testsuite> <!-- Generic.Base -->
