<?xml version="1.0" encoding="UTF-8"?>
<!-- Generated by org.testng.reporters.JUnitReportReporter -->
<testsuite ignored="0" hostname="DESKTOP-120F4K9" failures="0" tests="2" name="TestScript.HomePageTest" time="17.230" errors="0" timestamp="27 Jul 2021 17:53:35 GMT" skipped="0">
  <testcase classname="TestScript.HomePageTest" name="VrifyWelcomeMessage" time="9.891"/>
  <testcase classname="TestScript.HomePageTest" name="verifyMobileAndTVLink" time="7.339"/>
</testsuite> <!-- TestScript.HomePageTest -->
